2015-11-10 11:07:06.436  INFO 17785 --- [demo.DatavizApplication.main()] demo.DatavizApplication                  : Starting DatavizApplication on MacBook-Pro-de-Youen.local with PID 17785 (/Users/youen/Programmation/apollo/apollo-dataviz/target/classes started by youen in /Users/youen/Programmation/apollo/apollo-dataviz)
2015-11-10 11:07:06.505  INFO 17785 --- [demo.DatavizApplication.main()] ationConfigEmbeddedWebApplicationContext : Refreshing org.springframework.boot.context.embedded.AnnotationConfigEmbeddedWebApplicationContext@346a8064: startup date [Tue Nov 10 11:07:06 CET 2015]; root of context hierarchy
2015-11-10 11:07:08.049  INFO 17785 --- [demo.DatavizApplication.main()] o.s.b.f.s.DefaultListableBeanFactory     : Overriding bean definition for bean 'beanNameViewResolver': replacing [Root bean: class [null]; scope=; abstract=false; lazyInit=false; autowireMode=3; dependencyCheck=0; autowireCandidate=true; primary=false; factoryBeanName=org.springframework.boot.autoconfigure.web.ErrorMvcAutoConfiguration$WhitelabelErrorViewConfiguration; factoryMethodName=beanNameViewResolver; initMethodName=null; destroyMethodName=(inferred); defined in class path resource [org/springframework/boot/autoconfigure/web/ErrorMvcAutoConfiguration$WhitelabelErrorViewConfiguration.class]] with [Root bean: class [null]; scope=; abstract=false; lazyInit=false; autowireMode=3; dependencyCheck=0; autowireCandidate=true; primary=false; factoryBeanName=org.springframework.boot.autoconfigure.web.WebMvcAutoConfiguration$WebMvcAutoConfigurationAdapter; factoryMethodName=beanNameViewResolver; initMethodName=null; destroyMethodName=(inferred); defined in class path resource [org/springframework/boot/autoconfigure/web/WebMvcAutoConfiguration$WebMvcAutoConfigurationAdapter.class]]
2015-11-10 11:07:08.204  INFO 17785 --- [demo.DatavizApplication.main()] o.s.b.f.s.DefaultListableBeanFactory     : Overriding bean definition for bean 'entityLinksPluginRegistry': replacing [Root bean: class [org.springframework.plugin.core.support.PluginRegistryFactoryBean]; scope=; abstract=false; lazyInit=false; autowireMode=0; dependencyCheck=0; autowireCandidate=true; primary=false; factoryBeanName=null; factoryMethodName=null; initMethodName=null; destroyMethodName=null] with [Root bean: class [org.springframework.plugin.core.support.PluginRegistryFactoryBean]; scope=; abstract=false; lazyInit=false; autowireMode=0; dependencyCheck=0; autowireCandidate=true; primary=false; factoryBeanName=null; factoryMethodName=null; initMethodName=null; destroyMethodName=null]
2015-11-10 11:07:08.205  INFO 17785 --- [demo.DatavizApplication.main()] o.s.b.f.s.DefaultListableBeanFactory     : Overriding bean definition for bean 'controllerEntityLinks': replacing [Root bean: class [org.springframework.hateoas.core.ControllerEntityLinksFactoryBean]; scope=; abstract=false; lazyInit=false; autowireMode=0; dependencyCheck=0; autowireCandidate=true; primary=false; factoryBeanName=null; factoryMethodName=null; initMethodName=null; destroyMethodName=null] with [Root bean: class [org.springframework.hateoas.core.ControllerEntityLinksFactoryBean]; scope=; abstract=false; lazyInit=false; autowireMode=0; dependencyCheck=0; autowireCandidate=true; primary=false; factoryBeanName=null; factoryMethodName=null; initMethodName=null; destroyMethodName=null]
2015-11-10 11:07:08.206  INFO 17785 --- [demo.DatavizApplication.main()] o.s.b.f.s.DefaultListableBeanFactory     : Overriding bean definition for bean 'jaxRsEntityLinks': replacing [Root bean: class [org.springframework.hateoas.core.ControllerEntityLinksFactoryBean]; scope=; abstract=false; lazyInit=false; autowireMode=0; dependencyCheck=0; autowireCandidate=true; primary=false; factoryBeanName=null; factoryMethodName=null; initMethodName=null; destroyMethodName=null] with [Root bean: class [org.springframework.hateoas.core.ControllerEntityLinksFactoryBean]; scope=; abstract=false; lazyInit=false; autowireMode=0; dependencyCheck=0; autowireCandidate=true; primary=false; factoryBeanName=null; factoryMethodName=null; initMethodName=null; destroyMethodName=null]
2015-11-10 11:07:08.206  INFO 17785 --- [demo.DatavizApplication.main()] o.s.b.f.s.DefaultListableBeanFactory     : Overriding bean definition for bean 'delegatingEntityLinks': replacing [Root bean: class [org.springframework.hateoas.core.DelegatingEntityLinks]; scope=; abstract=false; lazyInit=false; autowireMode=0; dependencyCheck=0; autowireCandidate=true; primary=true; factoryBeanName=null; factoryMethodName=null; initMethodName=null; destroyMethodName=null] with [Root bean: class [org.springframework.hateoas.core.DelegatingEntityLinks]; scope=; abstract=false; lazyInit=false; autowireMode=0; dependencyCheck=0; autowireCandidate=true; primary=true; factoryBeanName=null; factoryMethodName=null; initMethodName=null; destroyMethodName=null]
2015-11-10 11:07:08.588  INFO 17785 --- [demo.DatavizApplication.main()] f.a.AutowiredAnnotationBeanPostProcessor : JSR-330 'javax.inject.Inject' annotation found and supported for autowiring
2015-11-10 11:07:09.927  INFO 17785 --- [demo.DatavizApplication.main()] s.b.c.e.t.TomcatEmbeddedServletContainer : Tomcat initialized with port(s): 8080 (http)
2015-11-10 11:07:10.160  INFO 17785 --- [demo.DatavizApplication.main()] o.apache.catalina.core.StandardService   : Starting service Tomcat
2015-11-10 11:07:10.162  INFO 17785 --- [demo.DatavizApplication.main()] org.apache.catalina.core.StandardEngine  : Starting Servlet Engine: Apache Tomcat/8.0.23
2015-11-10 11:07:10.321  INFO 17785 --- [localhost-startStop-1] o.a.c.c.C.[Tomcat].[localhost].[/]       : Initializing Spring embedded WebApplicationContext
2015-11-10 11:07:10.322  INFO 17785 --- [localhost-startStop-1] o.s.web.context.ContextLoader            : Root WebApplicationContext: initialization completed in 3826 ms
2015-11-10 11:07:11.329  INFO 17785 --- [localhost-startStop-1] o.s.b.c.e.ServletRegistrationBean        : Mapping servlet: 'dispatcherServlet' to [/]
2015-11-10 11:07:11.332  INFO 17785 --- [localhost-startStop-1] o.s.b.c.embedded.FilterRegistrationBean  : Mapping filter: 'metricFilter' to: [/*]
2015-11-10 11:07:11.333  INFO 17785 --- [localhost-startStop-1] o.s.b.c.embedded.FilterRegistrationBean  : Mapping filter: 'characterEncodingFilter' to: [/*]
2015-11-10 11:07:11.333  INFO 17785 --- [localhost-startStop-1] o.s.b.c.embedded.FilterRegistrationBean  : Mapping filter: 'hiddenHttpMethodFilter' to: [/*]
2015-11-10 11:07:11.333  INFO 17785 --- [localhost-startStop-1] o.s.b.c.embedded.FilterRegistrationBean  : Mapping filter: 'webRequestLoggingFilter' to: [/*]
2015-11-10 11:07:11.333  INFO 17785 --- [localhost-startStop-1] o.s.b.c.embedded.FilterRegistrationBean  : Mapping filter: 'applicationContextIdFilter' to: [/*]
2015-11-10 11:07:12.264  INFO 17785 --- [demo.DatavizApplication.main()] s.w.s.m.m.a.RequestMappingHandlerMapping : Mapped "{[/api/v1/data/impala/query],methods=[POST]}" onto public demo.dto.Data demo.controller.DataController.queryImpalaData(demo.dto.DataRequest)
2015-11-10 11:07:12.265  INFO 17785 --- [demo.DatavizApplication.main()] s.w.s.m.m.a.RequestMappingHandlerMapping : Mapped "{[/api/v1/data/impala/schema],methods=[GET]}" onto public demo.dto.LakeSchema demo.controller.DataController.queryImpalaData()
2015-11-10 11:07:12.265  INFO 17785 --- [demo.DatavizApplication.main()] s.w.s.m.m.a.RequestMappingHandlerMapping : Mapped "{[/v2/api-docs],methods=[GET]}" onto public org.springframework.http.ResponseEntity<springfox.documentation.spring.web.json.Json> springfox.documentation.swagger2.web.Swagger2Controller.getDocumentation(java.lang.String)
2015-11-10 11:07:12.269  INFO 17785 --- [demo.DatavizApplication.main()] s.w.s.m.m.a.RequestMappingHandlerMapping : Mapped "{[/configuration/security]}" onto org.springframework.http.ResponseEntity<springfox.documentation.swagger.web.SecurityConfiguration> springfox.documentation.swagger.web.ApiResourceController.securityConfiguration()
2015-11-10 11:07:12.270  INFO 17785 --- [demo.DatavizApplication.main()] s.w.s.m.m.a.RequestMappingHandlerMapping : Mapped "{[/configuration/ui]}" onto org.springframework.http.ResponseEntity<springfox.documentation.swagger.web.UiConfiguration> springfox.documentation.swagger.web.ApiResourceController.uiConfiguration()
2015-11-10 11:07:12.270  INFO 17785 --- [demo.DatavizApplication.main()] s.w.s.m.m.a.RequestMappingHandlerMapping : Mapped "{[/swagger-resources]}" onto org.springframework.http.ResponseEntity<java.util.List<springfox.documentation.swagger.web.SwaggerResource>> springfox.documentation.swagger.web.ApiResourceController.swaggerResources()
2015-11-10 11:07:12.273  INFO 17785 --- [demo.DatavizApplication.main()] s.w.s.m.m.a.RequestMappingHandlerMapping : Mapped "{[/error]}" onto public org.springframework.http.ResponseEntity<java.util.Map<java.lang.String, java.lang.Object>> org.springframework.boot.autoconfigure.web.BasicErrorController.error(javax.servlet.http.HttpServletRequest)
2015-11-10 11:07:12.273  INFO 17785 --- [demo.DatavizApplication.main()] s.w.s.m.m.a.RequestMappingHandlerMapping : Mapped "{[/error],produces=[text/html]}" onto public org.springframework.web.servlet.ModelAndView org.springframework.boot.autoconfigure.web.BasicErrorController.errorHtml(javax.servlet.http.HttpServletRequest)
2015-11-10 11:07:12.577  INFO 17785 --- [demo.DatavizApplication.main()] o.s.b.a.e.mvc.EndpointHandlerMapping     : Mapped "{[/monitoring/autoconfig],methods=[GET]}" onto public java.lang.Object org.springframework.boot.actuate.endpoint.mvc.EndpointMvcAdapter.invoke()
2015-11-10 11:07:12.578  INFO 17785 --- [demo.DatavizApplication.main()] o.s.b.a.e.mvc.EndpointHandlerMapping     : Mapped "{[/monitoring/mappings],methods=[GET]}" onto public java.lang.Object org.springframework.boot.actuate.endpoint.mvc.EndpointMvcAdapter.invoke()
2015-11-10 11:07:12.578  INFO 17785 --- [demo.DatavizApplication.main()] o.s.b.a.e.mvc.EndpointHandlerMapping     : Mapped "{[/monitoring/dump],methods=[GET]}" onto public java.lang.Object org.springframework.boot.actuate.endpoint.mvc.EndpointMvcAdapter.invoke()
2015-11-10 11:07:12.579  INFO 17785 --- [demo.DatavizApplication.main()] o.s.b.a.e.mvc.EndpointHandlerMapping     : Mapped "{[/monitoring/metrics/{name:.*}],methods=[GET]}" onto public java.lang.Object org.springframework.boot.actuate.endpoint.mvc.MetricsMvcEndpoint.value(java.lang.String)
2015-11-10 11:07:12.579  INFO 17785 --- [demo.DatavizApplication.main()] o.s.b.a.e.mvc.EndpointHandlerMapping     : Mapped "{[/monitoring/metrics],methods=[GET]}" onto public java.lang.Object org.springframework.boot.actuate.endpoint.mvc.EndpointMvcAdapter.invoke()
2015-11-10 11:07:12.579  INFO 17785 --- [demo.DatavizApplication.main()] o.s.b.a.e.mvc.EndpointHandlerMapping     : Mapped "{[/monitoring/configprops],methods=[GET]}" onto public java.lang.Object org.springframework.boot.actuate.endpoint.mvc.EndpointMvcAdapter.invoke()
2015-11-10 11:07:12.579  INFO 17785 --- [demo.DatavizApplication.main()] o.s.b.a.e.mvc.EndpointHandlerMapping     : Mapped "{[/monitoring/trace],methods=[GET]}" onto public java.lang.Object org.springframework.boot.actuate.endpoint.mvc.EndpointMvcAdapter.invoke()
2015-11-10 11:07:12.580  INFO 17785 --- [demo.DatavizApplication.main()] o.s.b.a.e.mvc.EndpointHandlerMapping     : Mapped "{[/monitoring/health]}" onto public java.lang.Object org.springframework.boot.actuate.endpoint.mvc.HealthMvcEndpoint.invoke(java.security.Principal)
2015-11-10 11:07:12.580  INFO 17785 --- [demo.DatavizApplication.main()] o.s.b.a.e.mvc.EndpointHandlerMapping     : Mapped "{[/monitoring/env/{name:.*}],methods=[GET]}" onto public java.lang.Object org.springframework.boot.actuate.endpoint.mvc.EnvironmentMvcEndpoint.value(java.lang.String)
2015-11-10 11:07:12.581  INFO 17785 --- [demo.DatavizApplication.main()] o.s.b.a.e.mvc.EndpointHandlerMapping     : Mapped "{[/monitoring/env],methods=[GET]}" onto public java.lang.Object org.springframework.boot.actuate.endpoint.mvc.EndpointMvcAdapter.invoke()
2015-11-10 11:07:12.581  INFO 17785 --- [demo.DatavizApplication.main()] o.s.b.a.e.mvc.EndpointHandlerMapping     : Mapped "{[/monitoring/info],methods=[GET]}" onto public java.lang.Object org.springframework.boot.actuate.endpoint.mvc.EndpointMvcAdapter.invoke()
2015-11-10 11:07:12.581  INFO 17785 --- [demo.DatavizApplication.main()] o.s.b.a.e.mvc.EndpointHandlerMapping     : Mapped "{[/monitoring/beans],methods=[GET]}" onto public java.lang.Object org.springframework.boot.actuate.endpoint.mvc.EndpointMvcAdapter.invoke()
2015-11-10 11:07:12.869  INFO 17785 --- [demo.DatavizApplication.main()] s.w.s.m.m.a.RequestMappingHandlerAdapter : Looking for @ControllerAdvice: org.springframework.boot.context.embedded.AnnotationConfigEmbeddedWebApplicationContext@346a8064: startup date [Tue Nov 10 11:07:06 CET 2015]; root of context hierarchy
2015-11-10 11:07:12.943  INFO 17785 --- [demo.DatavizApplication.main()] o.s.w.s.c.a.WebMvcConfigurerAdapter      : Adding welcome page: file:/Users/youen/Programmation/apollo/apollo-dataviz/src/main/resources/static/index.html
2015-11-10 11:07:12.961  INFO 17785 --- [demo.DatavizApplication.main()] o.s.w.s.handler.SimpleUrlHandlerMapping  : Root mapping to handler of type [class org.springframework.web.servlet.mvc.ParameterizableViewController]
2015-11-10 11:07:12.990  INFO 17785 --- [demo.DatavizApplication.main()] o.s.w.s.handler.SimpleUrlHandlerMapping  : Mapped URL path [/webjars/**] onto handler of type [class org.springframework.web.servlet.resource.ResourceHttpRequestHandler]
2015-11-10 11:07:12.990  INFO 17785 --- [demo.DatavizApplication.main()] o.s.w.s.handler.SimpleUrlHandlerMapping  : Mapped URL path [/**] onto handler of type [class org.springframework.web.servlet.resource.ResourceHttpRequestHandler]
2015-11-10 11:07:13.067  INFO 17785 --- [demo.DatavizApplication.main()] o.s.w.s.handler.SimpleUrlHandlerMapping  : Mapped URL path [/**/favicon.ico] onto handler of type [class org.springframework.web.servlet.resource.ResourceHttpRequestHandler]
2015-11-10 11:07:13.394  INFO 17785 --- [demo.DatavizApplication.main()] o.s.j.e.a.AnnotationMBeanExporter        : Registering beans for JMX exposure on startup
2015-11-10 11:07:13.407  INFO 17785 --- [demo.DatavizApplication.main()] o.s.c.support.DefaultLifecycleProcessor  : Starting beans in phase 0
2015-11-10 11:07:13.508  INFO 17785 --- [demo.DatavizApplication.main()] d.s.w.p.DocumentationPluginsBootstrapper : Context refreshed
2015-11-10 11:07:13.608  INFO 17785 --- [demo.DatavizApplication.main()] d.s.w.p.DocumentationPluginsBootstrapper : Found {0} custom documentation plugin(s)
2015-11-10 11:07:13.632  INFO 17785 --- [demo.DatavizApplication.main()] s.d.s.w.s.ApiListingReferenceScanner     : Scanning for api listing references
2015-11-10 11:07:13.638  INFO 17785 --- [demo.DatavizApplication.main()] s.w.ClassOrApiAnnotationResourceGrouping : Group for method queryImpalaData was data-controller
2015-11-10 11:07:13.644  INFO 17785 --- [demo.DatavizApplication.main()] s.d.s.w.s.ApiListingReferenceScanner     : Request mapping: queryImpalaData belongs to groups: [[ResourceGroup{groupName='data-controller', position=0, controller=demo.controller.DataController}]] 
2015-11-10 11:07:13.646  INFO 17785 --- [demo.DatavizApplication.main()] s.w.ClassOrApiAnnotationResourceGrouping : Group for method queryImpalaData was data-controller
2015-11-10 11:07:13.646  INFO 17785 --- [demo.DatavizApplication.main()] s.d.s.w.s.ApiListingReferenceScanner     : Request mapping: queryImpalaData belongs to groups: [[ResourceGroup{groupName='data-controller', position=0, controller=demo.controller.DataController}]] 
2015-11-10 11:07:13.670  INFO 17785 --- [demo.DatavizApplication.main()] s.d.s.w.s.ApiListingReferenceScanner     : Created resource listing Path: /default/data-controller Description: data-controller Position: 0
2015-11-10 11:07:13.718  INFO 17785 --- [demo.DatavizApplication.main()] s.d.schema.ModelContextKeyGenerator      : Cache Key Generated: demo.dto.Data(true)
2015-11-10 11:07:13.719  INFO 17785 --- [demo.DatavizApplication.main()] s.d.spring.web.caching.CachingAspect     : Caching aspect applied for cache models with key demo.dto.Data(true)
2015-11-10 11:07:13.724  INFO 17785 --- [demo.DatavizApplication.main()] s.d.s.p.ModelPropertiesKeyGenerator      : Cache key generated: demo.dto.Data(true)
2015-11-10 11:07:13.724  INFO 17785 --- [demo.DatavizApplication.main()] s.d.spring.web.caching.CachingAspect     : Caching aspect applied for cache modelProperties with key demo.dto.Data(true)
2015-11-10 11:07:13.777  INFO 17785 --- [demo.DatavizApplication.main()] s.d.schema.ModelContextKeyGenerator      : Cache Key Generated: demo.dto.Data(true)
2015-11-10 11:07:13.778  INFO 17785 --- [demo.DatavizApplication.main()] s.d.spring.web.caching.CachingAspect     : Caching aspect applied for cache modelDependencies with key demo.dto.Data(true)
2015-11-10 11:07:13.810  INFO 17785 --- [demo.DatavizApplication.main()] s.d.s.p.ModelPropertiesKeyGenerator      : Cache key generated: demo.dto.Data(true)
2015-11-10 11:07:13.810  INFO 17785 --- [demo.DatavizApplication.main()] s.d.spring.web.caching.CachingAspect     : Caching aspect applied for cache modelProperties with key demo.dto.Data(true)
2015-11-10 11:07:13.813  INFO 17785 --- [demo.DatavizApplication.main()] s.d.schema.ModelContextKeyGenerator      : Cache Key Generated: demo.dto.DataRequest(false)
2015-11-10 11:07:13.813  INFO 17785 --- [demo.DatavizApplication.main()] s.d.spring.web.caching.CachingAspect     : Caching aspect applied for cache models with key demo.dto.DataRequest(false)
2015-11-10 11:07:13.814  INFO 17785 --- [demo.DatavizApplication.main()] s.d.s.p.ModelPropertiesKeyGenerator      : Cache key generated: demo.dto.DataRequest(false)
2015-11-10 11:07:13.814  INFO 17785 --- [demo.DatavizApplication.main()] s.d.spring.web.caching.CachingAspect     : Caching aspect applied for cache modelProperties with key demo.dto.DataRequest(false)
2015-11-10 11:07:13.816  INFO 17785 --- [demo.DatavizApplication.main()] s.d.schema.ModelContextKeyGenerator      : Cache Key Generated: demo.dto.DataRequest(false)
2015-11-10 11:07:13.817  INFO 17785 --- [demo.DatavizApplication.main()] s.d.spring.web.caching.CachingAspect     : Caching aspect applied for cache modelDependencies with key demo.dto.DataRequest(false)
2015-11-10 11:07:13.817  INFO 17785 --- [demo.DatavizApplication.main()] s.d.s.p.ModelPropertiesKeyGenerator      : Cache key generated: demo.dto.DataRequest(false)
2015-11-10 11:07:13.817  INFO 17785 --- [demo.DatavizApplication.main()] s.d.spring.web.caching.CachingAspect     : Caching aspect applied for cache modelProperties with key demo.dto.DataRequest(false)
2015-11-10 11:07:13.820  INFO 17785 --- [demo.DatavizApplication.main()] s.d.spring.web.OperationsKeyGenerator    : Cache key generated: /api/v1/data/impala/query.demo.controller.DataController.queryImpalaData.CodeGenGenericTypeNamingStrategy
2015-11-10 11:07:13.820  INFO 17785 --- [demo.DatavizApplication.main()] s.d.spring.web.caching.CachingAspect     : Caching aspect applied for cache operations with key /api/v1/data/impala/query.demo.controller.DataController.queryImpalaData.CodeGenGenericTypeNamingStrategy
2015-11-10 11:07:13.860  INFO 17785 --- [demo.DatavizApplication.main()] s.w.ClassOrApiAnnotationResourceGrouping : Group for method queryImpalaData was data-controller
2015-11-10 11:07:14.024  INFO 17785 --- [demo.DatavizApplication.main()] s.d.schema.ModelContextKeyGenerator      : Cache Key Generated: demo.dto.LakeSchema(true)
2015-11-10 11:07:14.025  INFO 17785 --- [demo.DatavizApplication.main()] s.d.spring.web.caching.CachingAspect     : Caching aspect applied for cache models with key demo.dto.LakeSchema(true)
2015-11-10 11:07:14.028  INFO 17785 --- [demo.DatavizApplication.main()] s.d.s.p.ModelPropertiesKeyGenerator      : Cache key generated: demo.dto.LakeSchema(true)
2015-11-10 11:07:14.031  INFO 17785 --- [demo.DatavizApplication.main()] s.d.spring.web.caching.CachingAspect     : Caching aspect applied for cache modelProperties with key demo.dto.LakeSchema(true)
2015-11-10 11:07:14.036  INFO 17785 --- [demo.DatavizApplication.main()] s.d.schema.ModelContextKeyGenerator      : Cache Key Generated: demo.dto.LakeSchema(true)
2015-11-10 11:07:14.038  INFO 17785 --- [demo.DatavizApplication.main()] s.d.spring.web.caching.CachingAspect     : Caching aspect applied for cache modelDependencies with key demo.dto.LakeSchema(true)
2015-11-10 11:07:14.038  INFO 17785 --- [demo.DatavizApplication.main()] s.d.s.p.ModelPropertiesKeyGenerator      : Cache key generated: demo.dto.LakeSchema(true)
2015-11-10 11:07:14.039  INFO 17785 --- [demo.DatavizApplication.main()] s.d.spring.web.caching.CachingAspect     : Caching aspect applied for cache modelProperties with key demo.dto.LakeSchema(true)
2015-11-10 11:07:14.039  INFO 17785 --- [demo.DatavizApplication.main()] s.d.s.p.ModelPropertiesKeyGenerator      : Cache key generated: demo.dto.LakeDatabase(true)
2015-11-10 11:07:14.041  INFO 17785 --- [demo.DatavizApplication.main()] s.d.spring.web.caching.CachingAspect     : Caching aspect applied for cache modelProperties with key demo.dto.LakeDatabase(true)
2015-11-10 11:07:14.044  INFO 17785 --- [demo.DatavizApplication.main()] s.d.s.p.ModelPropertiesKeyGenerator      : Cache key generated: demo.dto.LakeTable(true)
2015-11-10 11:07:14.045  INFO 17785 --- [demo.DatavizApplication.main()] s.d.spring.web.caching.CachingAspect     : Caching aspect applied for cache modelProperties with key demo.dto.LakeTable(true)
2015-11-10 11:07:14.090  INFO 17785 --- [demo.DatavizApplication.main()] s.d.s.p.ModelPropertiesKeyGenerator      : Cache key generated: demo.dto.LakeField(true)
2015-11-10 11:07:14.091  INFO 17785 --- [demo.DatavizApplication.main()] s.d.spring.web.caching.CachingAspect     : Caching aspect applied for cache modelProperties with key demo.dto.LakeField(true)
2015-11-10 11:07:14.095  INFO 17785 --- [demo.DatavizApplication.main()] s.d.s.p.ModelPropertiesKeyGenerator      : Cache key generated: demo.dto.LakeDatabase(true)
2015-11-10 11:07:14.096  INFO 17785 --- [demo.DatavizApplication.main()] s.d.spring.web.caching.CachingAspect     : Caching aspect applied for cache modelProperties with key demo.dto.LakeDatabase(true)
2015-11-10 11:07:14.097  INFO 17785 --- [demo.DatavizApplication.main()] s.d.s.p.ModelPropertiesKeyGenerator      : Cache key generated: demo.dto.LakeTable(true)
2015-11-10 11:07:14.097  INFO 17785 --- [demo.DatavizApplication.main()] s.d.spring.web.caching.CachingAspect     : Caching aspect applied for cache modelProperties with key demo.dto.LakeTable(true)
2015-11-10 11:07:14.101  INFO 17785 --- [demo.DatavizApplication.main()] s.d.s.p.ModelPropertiesKeyGenerator      : Cache key generated: demo.dto.LakeField(true)
2015-11-10 11:07:14.103  INFO 17785 --- [demo.DatavizApplication.main()] s.d.spring.web.caching.CachingAspect     : Caching aspect applied for cache modelProperties with key demo.dto.LakeField(true)
2015-11-10 11:07:14.109  INFO 17785 --- [demo.DatavizApplication.main()] s.d.spring.web.OperationsKeyGenerator    : Cache key generated: /api/v1/data/impala/schema.demo.controller.DataController.queryImpalaData.CodeGenGenericTypeNamingStrategy
2015-11-10 11:07:14.112  INFO 17785 --- [demo.DatavizApplication.main()] s.d.spring.web.caching.CachingAspect     : Caching aspect applied for cache operations with key /api/v1/data/impala/schema.demo.controller.DataController.queryImpalaData.CodeGenGenericTypeNamingStrategy
2015-11-10 11:07:14.118  INFO 17785 --- [demo.DatavizApplication.main()] s.w.ClassOrApiAnnotationResourceGrouping : Group for method queryImpalaData was data-controller
2015-11-10 11:07:14.742 ERROR 17785 --- [demo.DatavizApplication.main()] o.a.coyote.http11.Http11NioProtocol      : Failed to start end point associated with ProtocolHandler ["http-nio-8080"]

java.net.BindException: Address already in use
	at sun.nio.ch.Net.bind0(Native Method)
	at sun.nio.ch.Net.bind(Net.java:436)
	at sun.nio.ch.Net.bind(Net.java:428)
	at sun.nio.ch.ServerSocketChannelImpl.bind(ServerSocketChannelImpl.java:214)
	at sun.nio.ch.ServerSocketAdaptor.bind(ServerSocketAdaptor.java:74)
	at org.apache.tomcat.util.net.NioEndpoint.bind(NioEndpoint.java:338)
	at org.apache.tomcat.util.net.AbstractEndpoint.start(AbstractEndpoint.java:760)
	at org.apache.coyote.AbstractProtocol.start(AbstractProtocol.java:472)
	at org.apache.catalina.connector.Connector.startInternal(Connector.java:986)
	at org.apache.catalina.util.LifecycleBase.start(LifecycleBase.java:150)
	at org.apache.catalina.core.StandardService.addConnector(StandardService.java:237)
	at org.springframework.boot.context.embedded.tomcat.TomcatEmbeddedServletContainer.addPreviouslyRemovedConnectors(TomcatEmbeddedServletContainer.java:186)
	at org.springframework.boot.context.embedded.tomcat.TomcatEmbeddedServletContainer.start(TomcatEmbeddedServletContainer.java:149)
	at org.springframework.boot.context.embedded.EmbeddedWebApplicationContext.startEmbeddedServletContainer(EmbeddedWebApplicationContext.java:288)
	at org.springframework.boot.context.embedded.EmbeddedWebApplicationContext.finishRefresh(EmbeddedWebApplicationContext.java:141)
	at org.springframework.context.support.AbstractApplicationContext.refresh(AbstractApplicationContext.java:483)
	at org.springframework.boot.context.embedded.EmbeddedWebApplicationContext.refresh(EmbeddedWebApplicationContext.java:118)
	at org.springframework.boot.SpringApplication.refresh(SpringApplication.java:686)
	at org.springframework.boot.SpringApplication.run(SpringApplication.java:320)
	at org.springframework.boot.SpringApplication.run(SpringApplication.java:957)
	at org.springframework.boot.SpringApplication.run(SpringApplication.java:946)
	at demo.DatavizApplication.main(DatavizApplication.java:14)
	at sun.reflect.NativeMethodAccessorImpl.invoke0(Native Method)
	at sun.reflect.NativeMethodAccessorImpl.invoke(NativeMethodAccessorImpl.java:62)
	at sun.reflect.DelegatingMethodAccessorImpl.invoke(DelegatingMethodAccessorImpl.java:43)
	at java.lang.reflect.Method.invoke(Method.java:483)
	at org.springframework.boot.maven.RunMojo$LaunchRunner.run(RunMojo.java:418)
	at java.lang.Thread.run(Thread.java:745)

2015-11-10 11:07:14.745 ERROR 17785 --- [demo.DatavizApplication.main()] o.apache.catalina.core.StandardService   : Failed to start connector [Connector[HTTP/1.1-8080]]

org.apache.catalina.LifecycleException: Failed to start component [Connector[HTTP/1.1-8080]]
	at org.apache.catalina.util.LifecycleBase.start(LifecycleBase.java:154)
	at org.apache.catalina.core.StandardService.addConnector(StandardService.java:237)
	at org.springframework.boot.context.embedded.tomcat.TomcatEmbeddedServletContainer.addPreviouslyRemovedConnectors(TomcatEmbeddedServletContainer.java:186)
	at org.springframework.boot.context.embedded.tomcat.TomcatEmbeddedServletContainer.start(TomcatEmbeddedServletContainer.java:149)
	at org.springframework.boot.context.embedded.EmbeddedWebApplicationContext.startEmbeddedServletContainer(EmbeddedWebApplicationContext.java:288)
	at org.springframework.boot.context.embedded.EmbeddedWebApplicationContext.finishRefresh(EmbeddedWebApplicationContext.java:141)
	at org.springframework.context.support.AbstractApplicationContext.refresh(AbstractApplicationContext.java:483)
	at org.springframework.boot.context.embedded.EmbeddedWebApplicationContext.refresh(EmbeddedWebApplicationContext.java:118)
	at org.springframework.boot.SpringApplication.refresh(SpringApplication.java:686)
	at org.springframework.boot.SpringApplication.run(SpringApplication.java:320)
	at org.springframework.boot.SpringApplication.run(SpringApplication.java:957)
	at org.springframework.boot.SpringApplication.run(SpringApplication.java:946)
	at demo.DatavizApplication.main(DatavizApplication.java:14)
	at sun.reflect.NativeMethodAccessorImpl.invoke0(Native Method)
	at sun.reflect.NativeMethodAccessorImpl.invoke(NativeMethodAccessorImpl.java:62)
	at sun.reflect.DelegatingMethodAccessorImpl.invoke(DelegatingMethodAccessorImpl.java:43)
	at java.lang.reflect.Method.invoke(Method.java:483)
	at org.springframework.boot.maven.RunMojo$LaunchRunner.run(RunMojo.java:418)
	at java.lang.Thread.run(Thread.java:745)
Caused by: org.apache.catalina.LifecycleException: service.getName(): "Tomcat";  Protocol handler start failed
	at org.apache.catalina.connector.Connector.startInternal(Connector.java:993)
	at org.apache.catalina.util.LifecycleBase.start(LifecycleBase.java:150)
	... 18 common frames omitted
Caused by: java.net.BindException: Address already in use
	at sun.nio.ch.Net.bind0(Native Method)
	at sun.nio.ch.Net.bind(Net.java:436)
	at sun.nio.ch.Net.bind(Net.java:428)
	at sun.nio.ch.ServerSocketChannelImpl.bind(ServerSocketChannelImpl.java:214)
	at sun.nio.ch.ServerSocketAdaptor.bind(ServerSocketAdaptor.java:74)
	at org.apache.tomcat.util.net.NioEndpoint.bind(NioEndpoint.java:338)
	at org.apache.tomcat.util.net.AbstractEndpoint.start(AbstractEndpoint.java:760)
	at org.apache.coyote.AbstractProtocol.start(AbstractProtocol.java:472)
	at org.apache.catalina.connector.Connector.startInternal(Connector.java:986)
	... 19 common frames omitted

2015-11-10 11:07:14.770  INFO 17785 --- [demo.DatavizApplication.main()] o.apache.catalina.core.StandardService   : Stopping service Tomcat
2015-11-10 11:07:14.855  INFO 17785 --- [demo.DatavizApplication.main()] .b.l.ClasspathLoggingApplicationListener : Application failed to start with classpath: [file:/Users/youen/Programmation/apollo/apollo-dataviz/src/main/resources/, file:/Users/youen/Programmation/apollo/apollo-dataviz/src/main/resources/, file:/Users/youen/Programmation/apollo/apollo-dataviz/target/classes/, file:/Users/youen/.m2/repository/io/springfox/springfox-swagger-ui/2.1.2/springfox-swagger-ui-2.1.2.jar, file:/Users/youen/.m2/repository/org/springframework/boot/spring-boot-starter/1.2.5.RELEASE/spring-boot-starter-1.2.5.RELEASE.jar, file:/Users/youen/.m2/repository/com/google/protobuf/protobuf-java/2.5.0/protobuf-java-2.5.0.jar, file:/Users/youen/.m2/repository/org/yaml/snakeyaml/1.14/snakeyaml-1.14.jar, file:/Users/youen/.m2/repository/aopalliance/aopalliance/1.0/aopalliance-1.0.jar, file:/Users/youen/.m2/repository/org/springframework/hateoas/spring-hateoas/0.16.0.RELEASE/spring-hateoas-0.16.0.RELEASE.jar, file:/Users/youen/.m2/repository/com/sun/jersey/jersey-json/1.9/jersey-json-1.9.jar, file:/Users/youen/.m2/repository/org/slf4j/slf4j-api/1.7.12/slf4j-api-1.7.12.jar, file:/Users/youen/.m2/repository/org/springframework/boot/spring-boot-starter-web/1.2.5.RELEASE/spring-boot-starter-web-1.2.5.RELEASE.jar, file:/Users/youen/.m2/repository/io/swagger/swagger-models/1.5.0/swagger-models-1.5.0.jar, file:/Users/youen/.m2/repository/org/fusesource/leveldbjni/leveldbjni-all/1.8/leveldbjni-all-1.8.jar, file:/Users/youen/.m2/repository/org/apache/hive/shims/hive-shims-0.20S/1.2.1/hive-shims-0.20S-1.2.1.jar, file:/Users/youen/.m2/repository/org/antlr/stringtemplate/3.2.1/stringtemplate-3.2.1.jar, file:/Users/youen/.m2/repository/ch/qos/logback/logback-classic/1.1.3/logback-classic-1.1.3.jar, file:/Users/youen/.m2/repository/com/google/code/gson/gson/2.3.1/gson-2.3.1.jar, file:/Users/youen/.m2/repository/commons-digester/commons-digester/2.1/commons-digester-2.1.jar, file:/Users/youen/.m2/repository/com/google/inject/guice/3.0/guice-3.0.jar, file:/Users/youen/.m2/repository/org/apache/tomcat/embed/tomcat-embed-websocket/8.0.23/tomcat-embed-websocket-8.0.23.jar, file:/Users/youen/.m2/repository/commons-io/commons-io/2.4/commons-io-2.4.jar, file:/Users/youen/.m2/repository/commons-beanutils/commons-beanutils/1.9.2/commons-beanutils-1.9.2.jar, file:/Users/youen/.m2/repository/commons-dbcp/commons-dbcp/1.4/commons-dbcp-1.4.jar, file:/Users/youen/.m2/repository/com/sun/jersey/jersey-core/1.9/jersey-core-1.9.jar, file:/Users/youen/.m2/repository/org/codehaus/jackson/jackson-jaxrs/1.9.13/jackson-jaxrs-1.9.13.jar, file:/Users/youen/.m2/repository/org/apache/tomcat/embed/tomcat-embed-logging-juli/8.0.23/tomcat-embed-logging-juli-8.0.23.jar, file:/Users/youen/.m2/repository/xml-apis/xml-apis/1.3.04/xml-apis-1.3.04.jar, file:/Users/youen/.m2/repository/com/fasterxml/jackson/core/jackson-annotations/2.4.6/jackson-annotations-2.4.6.jar, file:/Users/youen/.m2/repository/org/apache/hadoop/hadoop-annotations/2.6.0/hadoop-annotations-2.6.0.jar, file:/Users/youen/.m2/repository/org/codehaus/jackson/jackson-core-asl/1.9.13/jackson-core-asl-1.9.13.jar, file:/Users/youen/.m2/repository/org/apache/hadoop/hadoop-yarn-common/2.6.0/hadoop-yarn-common-2.6.0.jar, file:/Users/youen/.m2/repository/javax/validation/validation-api/1.1.0.Final/validation-api-1.1.0.Final.jar, file:/Users/youen/.m2/repository/org/apache/hadoop/hadoop-mapreduce-client-app/2.6.0/hadoop-mapreduce-client-app-2.6.0.jar, file:/Users/youen/.m2/repository/org/apache/hadoop/hadoop-yarn-api/2.6.0/hadoop-yarn-api-2.6.0.jar, file:/Users/youen/.m2/repository/com/sun/jersey/contribs/jersey-guice/1.9/jersey-guice-1.9.jar, file:/Users/youen/.m2/repository/org/springframework/boot/spring-boot/1.2.5.RELEASE/spring-boot-1.2.5.RELEASE.jar, file:/Users/youen/.m2/repository/org/apache/tomcat/embed/tomcat-embed-core/8.0.23/tomcat-embed-core-8.0.23.jar, file:/Users/youen/.m2/repository/org/apache/hive/hive-metastore/1.2.1/hive-metastore-1.2.1.jar, file:/Users/youen/.m2/repository/com/sun/jersey/jersey-client/1.9/jersey-client-1.9.jar, file:/Users/youen/.m2/repository/commons-net/commons-net/3.1/commons-net-3.1.jar, file:/Users/youen/.m2/repository/com/google/code/findbugs/jsr305/1.3.9/jsr305-1.3.9.jar, file:/Users/youen/.m2/repository/org/springframework/plugin/spring-plugin-core/1.1.0.RELEASE/spring-plugin-core-1.1.0.RELEASE.jar, file:/Users/youen/.m2/repository/org/apache/hive/shims/hive-shims-0.23/1.2.1/hive-shims-0.23-1.2.1.jar, file:/Users/youen/.m2/repository/jline/jline/0.9.94/jline-0.9.94.jar, file:/Users/youen/.m2/repository/javax/xml/bind/jaxb-api/2.2.2/jaxb-api-2.2.2.jar, file:/Users/youen/.m2/repository/ch/qos/logback/logback-core/1.1.3/logback-core-1.1.3.jar, file:/Users/youen/.m2/repository/net/sf/opencsv/opencsv/2.3/opencsv-2.3.jar, file:/Users/youen/.m2/repository/commons-lang/commons-lang/2.6/commons-lang-2.6.jar, file:/Users/youen/.m2/repository/org/apache/derby/derby/10.10.2.0/derby-10.10.2.0.jar, file:/Users/youen/.m2/repository/org/slf4j/jul-to-slf4j/1.7.12/jul-to-slf4j-1.7.12.jar, file:/Users/youen/.m2/repository/javax/activation/activation/1.1/activation-1.1.jar, file:/Users/youen/.m2/repository/org/apache/zookeeper/zookeeper/3.4.6/zookeeper-3.4.6.jar, file:/Users/youen/.m2/repository/org/jboss/logging/jboss-logging/3.1.3.GA/jboss-logging-3.1.3.GA.jar, file:/Users/youen/.m2/repository/org/tukaani/xz/1.0/xz-1.0.jar, file:/Users/youen/.m2/repository/org/springframework/spring-webmvc/4.1.7.RELEASE/spring-webmvc-4.1.7.RELEASE.jar, file:/Users/youen/.m2/repository/com/jolbox/bonecp/0.8.0.RELEASE/bonecp-0.8.0.RELEASE.jar, file:/Users/youen/.m2/repository/asm/asm/3.1/asm-3.1.jar, file:/Users/youen/.m2/repository/org/apache/hadoop/hadoop-hdfs/2.6.0/hadoop-hdfs-2.6.0.jar, file:/Users/youen/.m2/repository/org/apache/hadoop/hadoop-client/2.6.0/hadoop-client-2.6.0.jar, file:/Users/youen/.m2/repository/commons-codec/commons-codec/1.4/commons-codec-1.4.jar, file:/Users/youen/.m2/repository/org/apache/hive/shims/hive-shims-scheduler/1.2.1/hive-shims-scheduler-1.2.1.jar, file:/Users/youen/.m2/repository/javax/inject/javax.inject/1/javax.inject-1.jar, file:/Users/youen/.m2/repository/org/apache/ant/ant/1.9.1/ant-1.9.1.jar, file:/Users/youen/.m2/repository/org/slf4j/log4j-over-slf4j/1.7.12/log4j-over-slf4j-1.7.12.jar, file:/Users/youen/.m2/repository/io/springfox/springfox-spring-web/2.1.2/springfox-spring-web-2.1.2.jar, file:/Users/youen/.m2/repository/commons-beanutils/commons-beanutils-core/1.8.0/commons-beanutils-core-1.8.0.jar, file:/Users/youen/.m2/repository/org/springframework/boot/spring-boot-starter-tomcat/1.2.5.RELEASE/spring-boot-starter-tomcat-1.2.5.RELEASE.jar, file:/Users/youen/.m2/repository/javax/transaction/jta/1.1/jta-1.1.jar, file:/Users/youen/.m2/repository/org/springframework/spring-web/4.1.7.RELEASE/spring-web-4.1.7.RELEASE.jar, file:/Users/youen/.m2/repository/javax/xml/stream/stax-api/1.0-2/stax-api-1.0-2.jar, file:/Users/youen/.m2/repository/org/mortbay/jetty/jetty/6.1.26/jetty-6.1.26.jar, file:/Users/youen/.m2/repository/org/apache/thrift/libthrift/0.9.2/libthrift-0.9.2.jar, file:/Users/youen/.m2/repository/com/google/guava/guava/18.0/guava-18.0.jar, file:/Users/youen/.m2/repository/org/codehaus/jackson/jackson-xc/1.9.13/jackson-xc-1.9.13.jar, file:/Users/youen/.m2/repository/org/apache/hive/hive-shims/1.2.1/hive-shims-1.2.1.jar, file:/Users/youen/.m2/repository/log4j/apache-log4j-extras/1.2.17/apache-log4j-extras-1.2.17.jar, file:/Users/youen/.m2/repository/javax/servlet/servlet-api/2.5/servlet-api-2.5.jar, file:/Users/youen/.m2/repository/org/apache/hadoop/hadoop-yarn-server-web-proxy/2.6.0/hadoop-yarn-server-web-proxy-2.6.0.jar, file:/Users/youen/.m2/repository/javax/jdo/jdo-api/3.0.1/jdo-api-3.0.1.jar, file:/Users/youen/.m2/repository/org/aspectj/aspectjrt/1.8.6/aspectjrt-1.8.6.jar, file:/Users/youen/.m2/repository/org/xerial/snappy/snappy-java/1.0.4.1/snappy-java-1.0.4.1.jar, file:/Users/youen/.m2/repository/org/apache/curator/curator-framework/2.6.0/curator-framework-2.6.0.jar, file:/Users/youen/.m2/repository/org/slf4j/slf4j-log4j12/1.7.12/slf4j-log4j12-1.7.12.jar, file:/Users/youen/.m2/repository/com/fasterxml/jackson/core/jackson-core/2.4.6/jackson-core-2.4.6.jar, file:/Users/youen/.m2/repository/org/apache/hive/hive-serde/1.2.1/hive-serde-1.2.1.jar, file:/Users/youen/.m2/repository/org/antlr/antlr-runtime/3.4/antlr-runtime-3.4.jar, file:/Users/youen/.m2/repository/org/apache/hive/hive-common/1.2.1/hive-common-1.2.1.jar, file:/Users/youen/.m2/repository/com/fasterxml/classmate/1.2.0/classmate-1.2.0.jar, file:/Users/youen/.m2/repository/log4j/log4j/1.2.17/log4j-1.2.17.jar, file:/Users/youen/.m2/repository/com/twitter/parquet-hadoop-bundle/1.6.0/parquet-hadoop-bundle-1.6.0.jar, file:/Users/youen/.m2/repository/org/datanucleus/datanucleus-core/3.2.10/datanucleus-core-3.2.10.jar, file:/Users/youen/.m2/repository/org/springframework/spring-beans/4.1.7.RELEASE/spring-beans-4.1.7.RELEASE.jar, file:/Users/youen/.m2/repository/org/mapstruct/mapstruct/1.0.0.Beta4/mapstruct-1.0.0.Beta4.jar, file:/Users/youen/.m2/repository/org/springframework/boot/spring-boot-actuator/1.2.5.RELEASE/spring-boot-actuator-1.2.5.RELEASE.jar, file:/Users/youen/.m2/repository/org/apache/hadoop/hadoop-mapreduce-client-jobclient/2.6.0/hadoop-mapreduce-client-jobclient-2.6.0.jar, file:/Users/youen/.m2/repository/io/springfox/springfox-core/2.1.2/springfox-core-2.1.2.jar, file:/Users/youen/.m2/repository/org/apache/commons/commons-compress/1.4.1/commons-compress-1.4.1.jar, file:/Users/youen/.m2/repository/org/apache/directory/server/apacheds-kerberos-codec/2.0.0-M15/apacheds-kerberos-codec-2.0.0-M15.jar, file:/Users/youen/.m2/repository/org/apache/curator/curator-recipes/2.6.0/curator-recipes-2.6.0.jar, file:/Users/youen/.m2/repository/com/sun/xml/bind/jaxb-impl/2.2.3-1/jaxb-impl-2.2.3-1.jar, file:/Users/youen/.m2/repository/org/slf4j/jcl-over-slf4j/1.7.12/jcl-over-slf4j-1.7.12.jar, file:/Users/youen/.m2/repository/org/apache/httpcomponents/httpclient/4.3.6/httpclient-4.3.6.jar, file:/Users/youen/.m2/repository/me/moocar/logback-gelf/0.10p2/logback-gelf-0.10p2.jar, file:/Users/youen/.m2/repository/antlr/antlr/2.7.7/antlr-2.7.7.jar, file:/Users/youen/.m2/repository/org/springframework/boot/spring-boot-starter-logging/1.2.5.RELEASE/spring-boot-starter-logging-1.2.5.RELEASE.jar, file:/Users/youen/.m2/repository/org/apache/commons/commons-math3/3.1.1/commons-math3-3.1.1.jar, file:/Users/youen/.m2/repository/org/apache/hadoop/hadoop-yarn-server-resourcemanager/2.6.0/hadoop-yarn-server-resourcemanager-2.6.0.jar, file:/Users/youen/.m2/repository/io/springfox/springfox-swagger-common/2.1.2/springfox-swagger-common-2.1.2.jar, file:/Users/youen/.m2/repository/org/apache/hadoop/hadoop-common/2.6.0/hadoop-common-2.6.0.jar, file:/Users/youen/.m2/repository/org/apache/hadoop/hadoop-mapreduce-client-common/2.6.0/hadoop-mapreduce-client-common-2.6.0.jar, file:/Users/youen/.m2/repository/org/mortbay/jetty/jetty-util/6.1.26/jetty-util-6.1.26.jar, file:/Users/youen/.m2/repository/org/apache/hadoop/hadoop-yarn-client/2.6.0/hadoop-yarn-client-2.6.0.jar, file:/Users/youen/.m2/repository/org/springframework/spring-aop/4.1.7.RELEASE/spring-aop-4.1.7.RELEASE.jar, file:/Users/youen/.m2/repository/org/springframework/boot/spring-boot-autoconfigure/1.2.5.RELEASE/spring-boot-autoconfigure-1.2.5.RELEASE.jar, file:/Users/youen/.m2/repository/org/springframework/plugin/spring-plugin-metadata/1.2.0.RELEASE/spring-plugin-metadata-1.2.0.RELEASE.jar, file:/Users/youen/.m2/repository/org/hamcrest/hamcrest-core/1.3/hamcrest-core-1.3.jar, file:/Users/youen/.m2/repository/org/apache/thrift/libfb303/0.9.2/libfb303-0.9.2.jar, file:/Users/youen/.m2/repository/org/apache/tomcat/embed/tomcat-embed-el/8.0.23/tomcat-embed-el-8.0.23.jar, file:/Users/youen/.m2/repository/org/codehaus/jackson/jackson-mapper-asl/1.9.13/jackson-mapper-asl-1.9.13.jar, file:/Users/youen/.m2/repository/io/swagger/swagger-annotations/1.5.0/swagger-annotations-1.5.0.jar, file:/Users/youen/.m2/repository/org/aspectj/aspectjweaver/1.8.6/aspectjweaver-1.8.6.jar, file:/Users/youen/.m2/repository/org/apache/hive/hive-jdbc/1.2.1/hive-jdbc-1.2.1.jar, file:/Users/youen/.m2/repository/com/sun/jersey/jersey-server/1.9/jersey-server-1.9.jar, file:/Users/youen/.m2/repository/org/apache/hadoop/hadoop-yarn-server-applicationhistoryservice/2.6.0/hadoop-yarn-server-applicationhistoryservice-2.6.0.jar, file:/Users/youen/.m2/repository/io/springfox/springfox-spi/2.1.2/springfox-spi-2.1.2.jar, file:/Users/youen/.m2/repository/xmlenc/xmlenc/0.52/xmlenc-0.52.jar, file:/Users/youen/.m2/repository/com/thoughtworks/paranamer/paranamer/2.3/paranamer-2.3.jar, file:/Users/youen/.m2/repository/org/apache/directory/api/api-util/1.0.0-M20/api-util-1.0.0-M20.jar, file:/Users/youen/.m2/repository/org/springframework/spring-expression/4.1.7.RELEASE/spring-expression-4.1.7.RELEASE.jar, file:/Users/youen/.m2/repository/org/apache/directory/api/api-asn1-api/1.0.0-M20/api-asn1-api-1.0.0-M20.jar, file:/Users/youen/.m2/repository/org/apache/curator/curator-client/2.6.0/curator-client-2.6.0.jar, file:/Users/youen/.m2/repository/org/projectlombok/lombok/1.16.2/lombok-1.16.2.jar, file:/Users/youen/.m2/repository/commons-configuration/commons-configuration/1.6/commons-configuration-1.6.jar, file:/Users/youen/.m2/repository/org/apache/directory/server/apacheds-i18n/2.0.0-M15/apacheds-i18n-2.0.0-M15.jar, file:/Users/youen/.m2/repository/org/apache/hadoop/hadoop-yarn-server-common/2.6.0/hadoop-yarn-server-common-2.6.0.jar, file:/Users/youen/.m2/repository/commons-collections/commons-collections/3.2.1/commons-collections-3.2.1.jar, file:/Users/youen/.m2/repository/org/htrace/htrace-core/3.0.4/htrace-core-3.0.4.jar, file:/Users/youen/.m2/repository/commons-pool/commons-pool/1.6/commons-pool-1.6.jar, file:/Users/youen/.m2/repository/com/fasterxml/jackson/core/jackson-databind/2.4.6/jackson-databind-2.4.6.jar, file:/Users/youen/.m2/repository/joda-time/joda-time/2.5/joda-time-2.5.jar, file:/Users/youen/.m2/repository/commons-cli/commons-cli/1.2/commons-cli-1.2.jar, file:/Users/youen/.m2/repository/org/hibernate/hibernate-validator/5.1.3.Final/hibernate-validator-5.1.3.Final.jar, file:/Users/youen/.m2/repository/org/apache/hadoop/hadoop-auth/2.6.0/hadoop-auth-2.6.0.jar, file:/Users/youen/.m2/repository/xerces/xercesImpl/2.9.1/xercesImpl-2.9.1.jar, file:/Users/youen/.m2/repository/org/springframework/spring-context/4.1.7.RELEASE/spring-context-4.1.7.RELEASE.jar, file:/Users/youen/.m2/repository/org/objenesis/objenesis/2.1/objenesis-2.1.jar, file:/Users/youen/.m2/repository/org/apache/hive/hive-service/1.2.1/hive-service-1.2.1.jar, file:/Users/youen/.m2/repository/org/apache/hadoop/hadoop-mapreduce-client-shuffle/2.6.0/hadoop-mapreduce-client-shuffle-2.6.0.jar, file:/Users/youen/.m2/repository/org/apache/httpcomponents/httpcore/4.4/httpcore-4.4.jar, file:/Users/youen/.m2/repository/org/apache/hive/shims/hive-shims-common/1.2.1/hive-shims-common-1.2.1.jar, file:/Users/youen/.m2/repository/org/datanucleus/datanucleus-rdbms/3.2.9/datanucleus-rdbms-3.2.9.jar, file:/Users/youen/.m2/repository/org/codehaus/jettison/jettison/1.1/jettison-1.1.jar, file:/Users/youen/.m2/repository/junit/junit/4.12/junit-4.12.jar, file:/Users/youen/.m2/repository/org/springframework/boot/spring-boot-starter-actuator/1.2.5.RELEASE/spring-boot-starter-actuator-1.2.5.RELEASE.jar, file:/Users/youen/.m2/repository/commons-logging/commons-logging/1.1.3/commons-logging-1.1.3.jar, file:/Users/youen/.m2/repository/com/google/inject/extensions/guice-servlet/3.0/guice-servlet-3.0.jar, file:/Users/youen/.m2/repository/io/springfox/springfox-schema/2.1.2/springfox-schema-2.1.2.jar, file:/Users/youen/.m2/repository/org/apache/ant/ant-launcher/1.9.1/ant-launcher-1.9.1.jar, file:/Users/youen/.m2/repository/net/sf/jpam/jpam/1.1/jpam-1.1.jar, file:/Users/youen/.m2/repository/org/datanucleus/datanucleus-api-jdo/3.2.6/datanucleus-api-jdo-3.2.6.jar, file:/Users/youen/.m2/repository/org/apache/hadoop/hadoop-mapreduce-client-core/2.6.0/hadoop-mapreduce-client-core-2.6.0.jar, file:/Users/youen/.m2/repository/org/json/json/20090211/json-20090211.jar, file:/Users/youen/.m2/repository/io/springfox/springfox-swagger2/2.1.2/springfox-swagger2-2.1.2.jar, file:/Users/youen/.m2/repository/org/apache/avro/avro/1.7.4/avro-1.7.4.jar, file:/Users/youen/.m2/repository/io/netty/netty/3.6.2.Final/netty-3.6.2.Final.jar, file:/Users/youen/.m2/repository/org/springframework/spring-core/4.1.7.RELEASE/spring-core-4.1.7.RELEASE.jar, file:/Users/youen/.m2/repository/commons-httpclient/commons-httpclient/3.1/commons-httpclient-3.1.jar]
2015-11-10 11:07:14.858  INFO 17785 --- [demo.DatavizApplication.main()] utoConfigurationReportLoggingInitializer : 

Error starting ApplicationContext. To display the auto-configuration report enable debug logging (start with --debug)


2015-11-10 11:07:14.859 ERROR 17785 --- [demo.DatavizApplication.main()] o.s.boot.SpringApplication               : Application startup failed

java.lang.IllegalStateException: Tomcat connector in failed state
	at org.springframework.boot.context.embedded.tomcat.TomcatEmbeddedServletContainer.start(TomcatEmbeddedServletContainer.java:157)
	at org.springframework.boot.context.embedded.EmbeddedWebApplicationContext.startEmbeddedServletContainer(EmbeddedWebApplicationContext.java:288)
	at org.springframework.boot.context.embedded.EmbeddedWebApplicationContext.finishRefresh(EmbeddedWebApplicationContext.java:141)
	at org.springframework.context.support.AbstractApplicationContext.refresh(AbstractApplicationContext.java:483)
	at org.springframework.boot.context.embedded.EmbeddedWebApplicationContext.refresh(EmbeddedWebApplicationContext.java:118)
	at org.springframework.boot.SpringApplication.refresh(SpringApplication.java:686)
	at org.springframework.boot.SpringApplication.run(SpringApplication.java:320)
	at org.springframework.boot.SpringApplication.run(SpringApplication.java:957)
	at org.springframework.boot.SpringApplication.run(SpringApplication.java:946)
	at demo.DatavizApplication.main(DatavizApplication.java:14)
	at sun.reflect.NativeMethodAccessorImpl.invoke0(Native Method)
	at sun.reflect.NativeMethodAccessorImpl.invoke(NativeMethodAccessorImpl.java:62)
	at sun.reflect.DelegatingMethodAccessorImpl.invoke(DelegatingMethodAccessorImpl.java:43)
	at java.lang.reflect.Method.invoke(Method.java:483)
	at org.springframework.boot.maven.RunMojo$LaunchRunner.run(RunMojo.java:418)
	at java.lang.Thread.run(Thread.java:745)

2015-11-10 11:07:14.860  INFO 17785 --- [demo.DatavizApplication.main()] ationConfigEmbeddedWebApplicationContext : Closing org.springframework.boot.context.embedded.AnnotationConfigEmbeddedWebApplicationContext@346a8064: startup date [Tue Nov 10 11:07:06 CET 2015]; root of context hierarchy
2015-11-10 11:07:14.861  INFO 17785 --- [demo.DatavizApplication.main()] o.s.c.support.DefaultLifecycleProcessor  : Stopping beans in phase 0
2015-11-10 11:07:14.882  INFO 17785 --- [demo.DatavizApplication.main()] o.s.j.e.a.AnnotationMBeanExporter        : Unregistering JMX-exposed beans on shutdown
